{
  "stats": {
    "suites": 1,
    "tests": 2,
    "passes": 2,
    "pending": 0,
    "failures": 0,
    "start": "2026-02-03T14:08:57.614Z",
    "end": "2026-02-03T14:09:12.806Z",
    "duration": 15192,
    "testsRegistered": 2,
    "passPercent": 100,
    "pendingPercent": 0,
    "other": 0,
    "hasOther": false,
    "skipped": 0,
    "hasSkipped": false
  },
  "results": [
    {
      "uuid": "a7f703df-e61d-4550-b399-626a825a778e",
      "title": "",
      "fullFile": "/Users/praveen/Documents/learn_javascript/mocha.js",
      "file": "/mocha.js",
      "beforeHooks": [],
      "afterHooks": [],
      "tests": [],
      "suites": [
        {
          "uuid": "9852a9fe-5ab3-46ba-a5c1-43f756065d9e",
          "title": "03-02-2026 login",
          "fullFile": "/Users/praveen/Documents/learn_javascript/mocha.js",
          "file": "/mocha.js",
          "beforeHooks": [
            {
              "title": "\"before each\" hook:  test 3-02-2026 time: 7:35 in \"03-02-2026 login\"",
              "fullTitle": "03-02-2026 login \"before each\" hook:  test 3-02-2026 time: 7:35 in \"03-02-2026 login\"",
              "timedOut": false,
              "duration": 1017,
              "state": null,
              "speed": null,
              "pass": false,
              "fail": false,
              "pending": false,
              "context": null,
              "code": "driver= await new Builder().forBrowser('chrome').build();\nawait driver.manage().window().maximize();",
              "err": {},
              "uuid": "6f7db07e-ea5c-45b9-ad10-fcbf36c5119f",
              "parentUUID": "9852a9fe-5ab3-46ba-a5c1-43f756065d9e",
              "isHook": true,
              "skipped": false
            }
          ],
          "afterHooks": [
            {
              "title": "\"after each\" hook: time: 7:35 in \"03-02-2026 login\"",
              "fullTitle": "03-02-2026 login \"after each\" hook: time: 7:35 in \"03-02-2026 login\"",
              "timedOut": false,
              "duration": 53,
              "state": null,
              "speed": null,
              "pass": false,
              "fail": false,
              "pending": false,
              "context": null,
              "code": "await driver.quit();",
              "err": {},
              "uuid": "14091b1e-ce03-4117-b956-92d6529ba638",
              "parentUUID": "9852a9fe-5ab3-46ba-a5c1-43f756065d9e",
              "isHook": true,
              "skipped": false
            }
          ],
          "tests": [
            {
              "title": "3-02-2026 time: 12:35",
              "fullTitle": "03-02-2026 login 3-02-2026 time: 12:35",
              "timedOut": false,
              "duration": 7037,
              "state": "passed",
              "speed": "slow",
              "pass": true,
              "fail": false,
              "pending": false,
              "context": null,
              "code": "await driver.get(\"https://www.w3schools.com/\");\n console.log(\"the input is correct \");\n await driver.sleep(5000);",
              "err": {},
              "uuid": "68899a9a-7956-4bf8-bc64-6ffac440c86f",
              "parentUUID": "9852a9fe-5ab3-46ba-a5c1-43f756065d9e",
              "isHook": false,
              "skipped": false
            },
            {
              "title": "3-02-2026 time: 7:35",
              "fullTitle": "03-02-2026 login 3-02-2026 time: 7:35",
              "timedOut": false,
              "duration": 6113,
              "state": "passed",
              "speed": "slow",
              "pass": true,
              "fail": false,
              "pending": false,
              "context": null,
              "code": "await driver.executeScript(\"window.open('https://www.amazon.in')\");\nlet tab=  await driver.getAllWindowHandles();\n       await driver. switchTo().window(tab[1]);\n      // await driver.manage().setTimeouts({implicati:10000});\nawait driver.wait(until.elementLocated(By.id(\"twotabsearchtextbox\"))).sendKeys(\"mobile\",Key.RETURN);\nawait driver.sleep(2000);",
              "err": {},
              "uuid": "4ccfb593-c483-43d5-9df4-22da07d819ff",
              "parentUUID": "9852a9fe-5ab3-46ba-a5c1-43f756065d9e",
              "isHook": false,
              "skipped": false
            }
          ],
          "suites": [],
          "passes": [
            "68899a9a-7956-4bf8-bc64-6ffac440c86f",
            "4ccfb593-c483-43d5-9df4-22da07d819ff"
          ],
          "failures": [],
          "pending": [],
          "skipped": [],
          "duration": 13150,
          "root": false,
          "rootEmpty": false,
          "_timeout": 0
        }
      ],
      "passes": [],
      "failures": [],
      "pending": [],
      "skipped": [],
      "duration": 0,
      "root": true,
      "rootEmpty": true,
      "_timeout": 2000
    }
  ],
  "meta": {
    "mocha": {
      "version": "11.7.5"
    },
    "mochawesome": {
      "options": {
        "quiet": false,
        "reportFilename": "mochawesome",
        "saveHtml": true,
        "saveJson": true,
        "consoleReporter": "spec",
        "useInlineDiffs": false,
        "code": true
      },
      "version": "7.1.4"
    },
    "marge": {
      "options": {
        "reportDir": "report_03"
      },
      "version": "6.3.2"
    }
  }
}